{
  "stats": {
    "suites": 1,
    "tests": 4,
    "passes": 4,
    "pending": 0,
    "failures": 0,
    "start": "2021-10-27T11:26:31.685Z",
    "end": "2021-10-27T11:27:23.265Z",
    "duration": 51580,
    "testsRegistered": 4,
    "passPercent": 100,
    "pendingPercent": 0,
    "other": 0,
    "hasOther": false,
    "skipped": 0,
    "hasSkipped": false
  },
  "results": [
    {
      "uuid": "84621792-4a86-4a2a-a9be-7784aadd6508",
      "title": "",
      "fullFile": "cypress/integration/aula_inatel/globalsqa.spec.js",
      "file": "cypress/integration/aula_inatel/globalsqa.spec.js",
      "beforeHooks": [],
      "afterHooks": [],
      "tests": [],
      "suites": [
        {
          "uuid": "dfbd74b5-fafc-40d9-b955-d8bf90940ee4",
          "title": "Cenário de teste: Testar as funcionalidades de Login do site globalsqa.",
          "fullFile": "",
          "file": "",
          "beforeHooks": [],
          "afterHooks": [],
          "tests": [
            {
              "title": "Caso de teste: Registrar um usuario com sucesso",
              "fullTitle": "Cenário de teste: Testar as funcionalidades de Login do site globalsqa. Caso de teste: Registrar um usuario com sucesso",
              "timedOut": null,
              "duration": 12248,
              "state": "passed",
              "speed": "slow",
              "pass": true,
              "fail": false,
              "pending": false,
              "context": null,
              "code": "cy.visit('https://www.globalsqa.com/angularJs-protractor/registration-login-example/#/login');\ncy.get('.btn-link').click();\ncy.get('#firstName').type('qainatel');\ncy.get('#Text1').type('qainatel');\ncy.get('#username').type('qainatel');\ncy.get('#password').type('qainatel');\ncy.get('.btn-primary').click();\ncy.get('.ng-binding').should('contain.text', 'Registration successful');",
              "err": {},
              "uuid": "5ddcc020-1b7b-4606-9c7b-8f709c107f8d",
              "parentUUID": "dfbd74b5-fafc-40d9-b955-d8bf90940ee4",
              "isHook": false,
              "skipped": false
            },
            {
              "title": "Caso de teste: Falha ao tentar registrar um usuario com dados invalidos",
              "fullTitle": "Cenário de teste: Testar as funcionalidades de Login do site globalsqa. Caso de teste: Falha ao tentar registrar um usuario com dados invalidos",
              "timedOut": null,
              "duration": 6369,
              "state": "passed",
              "speed": "medium",
              "pass": true,
              "fail": false,
              "pending": false,
              "context": null,
              "code": "// Aumentando a cobertura de testes: Entrando na tela de registrar por duas formas diferentes (ver teste anterior)\ncy.visit('https://www.globalsqa.com/angularJs-protractor/registration-login-example/#/register');\ncy.get('#firstName').type('qainatel');\ncy.get('#Text1').type('qainatel');\ncy.get('#username').type('qainatel');\ncy.get('#password').type('qainatel');\ncy.get('#firstName').clear();\ncy.get('.has-error > .help-block').should('have.text', 'First name is required');\ncy.get('.btn-primary').should('be.disabled');",
              "err": {},
              "uuid": "c74e9e4f-8c4b-4318-bdef-336c740b76ab",
              "parentUUID": "dfbd74b5-fafc-40d9-b955-d8bf90940ee4",
              "isHook": false,
              "skipped": false
            },
            {
              "title": "Caso de teste: Login na plataforma com sucesso",
              "fullTitle": "Cenário de teste: Testar as funcionalidades de Login do site globalsqa. Caso de teste: Login na plataforma com sucesso",
              "timedOut": null,
              "duration": 14402,
              "state": "passed",
              "speed": "slow",
              "pass": true,
              "fail": false,
              "pending": false,
              "context": null,
              "code": "var userInfo = criarUsuario();\ncy.visit('https://www.globalsqa.com/angularJs-protractor/registration-login-example/#/login');\ncy.get('#username').type(userInfo[0]);\ncy.get('#password').type(userInfo[1]);\ncy.get('.btn-primary').click();\ncy.get('h1.ng-binding').should('contain.text', userInfo[0]);",
              "err": {},
              "uuid": "8b3bacd3-bf35-4618-b9f4-36a5a5625e83",
              "parentUUID": "dfbd74b5-fafc-40d9-b955-d8bf90940ee4",
              "isHook": false,
              "skipped": false
            },
            {
              "title": "Caso de teste: Remover um usuario cadastrado e verificar",
              "fullTitle": "Cenário de teste: Testar as funcionalidades de Login do site globalsqa. Caso de teste: Remover um usuario cadastrado e verificar",
              "timedOut": null,
              "duration": 14117,
              "state": "passed",
              "speed": "slow",
              "pass": true,
              "fail": false,
              "pending": false,
              "context": null,
              "code": "var userInfo = criarUsuario();\ncy.loginNinjaQa(userInfo[0], userInfo[1]);\ncy.get('.ng-binding > a').click();\ncy.loginNinjaQa(userInfo[0], userInfo[1]);\ncy.get('.ng-binding').should('have.text', 'Username or password is incorrect');",
              "err": {},
              "uuid": "5b8ec7e0-bb80-466a-b723-dba06568621a",
              "parentUUID": "dfbd74b5-fafc-40d9-b955-d8bf90940ee4",
              "isHook": false,
              "skipped": false
            }
          ],
          "suites": [],
          "passes": [
            "5ddcc020-1b7b-4606-9c7b-8f709c107f8d",
            "c74e9e4f-8c4b-4318-bdef-336c740b76ab",
            "8b3bacd3-bf35-4618-b9f4-36a5a5625e83",
            "5b8ec7e0-bb80-466a-b723-dba06568621a"
          ],
          "failures": [],
          "pending": [],
          "skipped": [],
          "duration": 47136,
          "root": false,
          "rootEmpty": false,
          "_timeout": 2000
        }
      ],
      "passes": [],
      "failures": [],
      "pending": [],
      "skipped": [],
      "duration": 0,
      "root": true,
      "rootEmpty": true,
      "_timeout": 2000
    }
  ],
  "meta": {
    "mocha": {
      "version": "7.0.1"
    },
    "mochawesome": {
      "options": {
        "quiet": false,
        "reportFilename": "mochawesome",
        "saveHtml": false,
        "saveJson": true,
        "consoleReporter": "spec",
        "useInlineDiffs": false,
        "code": true
      },
      "version": "6.3.1"
    },
    "marge": {
      "options": {
        "reportDir": "cypress/reports",
        "overwrite": false,
        "html": false,
        "json": true
      },
      "version": "5.2.0"
    }
  }
}